<?xml version="1.0" encoding="UTF-8"?>
<!-- Generated by org.testng.reporters.JUnitReportReporter -->
<testsuite hostname="DESKTOP-QH0QP84" failures="0" tests="3" name="tests.testcase_EditCase" time="156.342" errors="0" timestamp="2021-02-02T00:08:11 EST" skipped="0">
  <testcase classname="tests.testcase_EditCase" name="EditCase" time="57.528"/>
  <system-out/>
  <testcase classname="tests.testcase_EditCase" name="EditCase" time="46.658"/>
  <system-out/>
  <testcase classname="tests.testcase_EditCase" name="EditCase" time="52.156"/>
  <system-out/>
</testsuite> <!-- tests.testcase_EditCase -->
