<?xml version="1.0" encoding="UTF-8"?>
<!-- Generated by org.testng.reporters.JUnitReportReporter -->
<testsuite hostname="DESKTOP-QH0QP84" failures="0" tests="1" name="tests.TC_EditCase" time="45.890" errors="0" timestamp="2021-02-12T13:38:11 EST" skipped="0">
  <testcase classname="tests.TC_EditCase" name="EditCase" time="45.890"/>
  <system-out/>
</testsuite> <!-- tests.TC_EditCase -->
